
Circuit 1 cell sky130_fd_pr__nfet_01v8 and Circuit 2 cell sky130_fd_pr__nfet_01v8 are black boxes.
Equate elements:  no current cell.
Device classes sky130_fd_pr__nfet_01v8 and sky130_fd_pr__nfet_01v8 are equivalent.

Class vibushita.spice (1):  Merged 9 parallel devices.
Subcircuit summary:
Circuit 1: kirukku,sch.spice               |Circuit 2: vibushita.spice                 
-------------------------------------------|-------------------------------------------
sky130_fd_pr__nfet_01v8 (4)                |sky130_fd_pr__nfet_01v8 (15->6) **Mismatch 
(no matching element)                      |c (1)                                      
(no matching element)                      |**FLOATING (4)                             
Number of devices: 4 **Mismatch**          |Number of devices: 11 **Mismatch**         
Number of nets: 5 **Mismatch**             |Number of nets: 6 **Mismatch**             
---------------------------------------------------------------------------------------
NET mismatches: Class fragments follow (with fanout counts):
Circuit 1: kirukku,sch.spice               |Circuit 2: vibushita.spice                 

---------------------------------------------------------------------------------------
Net: vp                                    |Net: vp                                    
  sky130_fd_pr__nfet_01v8/1 = 1            |  sky130_fd_pr__nfet_01v8/1 = 3            
  sky130_fd_pr__nfet_01v8/3 = 2            |  sky130_fd_pr__nfet_01v8/3 = 2            
  sky130_fd_pr__nfet_01v8/4 = 2            |  **FLOATING/top = 1                       
                                           |                                           
Net: curgate                               |Net: body                                  
  sky130_fd_pr__nfet_01v8/2 = 2            |  sky130_fd_pr__nfet_01v8/3 = 1            
  sky130_fd_pr__nfet_01v8/1 = 1            |  sky130_fd_pr__nfet_01v8/4 = 6            
                                           |  **FLOATING/bottom = 4                    
                                           |                                           
(no matching net)                          |Net: vout_n                                
                                           |  sky130_fd_pr__nfet_01v8/2 = 2            
                                           |  sky130_fd_pr__nfet_01v8/1 = 1            
                                           |  sky130_fd_pr__nfet_01v8/3 = 1            
                                           |  c/bottom = 1                             
                                           |  **FLOATING/top = 1                       
                                           |                                           
(no matching net)                          |Net: vout_p                                
                                           |  sky130_fd_pr__nfet_01v8/3 = 1            
                                           |  sky130_fd_pr__nfet_01v8/2 = 2            
                                           |  sky130_fd_pr__nfet_01v8/1 = 1            
                                           |  c/top = 1                                
                                           |  **FLOATING/top = 1                       
                                           |                                           
(no matching net)                          |Net: src                                   
                                           |  sky130_fd_pr__nfet_01v8/3 = 1            
---------------------------------------------------------------------------------------

---------------------------------------------------------------------------------------
Net: GND                                   |Net: curgate                               
  sky130_fd_pr__nfet_01v8/3 = 2            |  sky130_fd_pr__nfet_01v8/1 = 1            
  sky130_fd_pr__nfet_01v8/4 = 2            |  sky130_fd_pr__nfet_01v8/2 = 2            
                                           |  **FLOATING/top = 1                       
---------------------------------------------------------------------------------------
DEVICE mismatches: Class fragments follow (with node fanout counts):
Circuit 1: kirukku,sch.spice               |Circuit 2: vibushita.spice                 

---------------------------------------------------------------------------------------
(no matching instance)                     |Instance: sky130_fd_pr__nfet_01v8:0        
                                           |  1 = 4                                    
                                           |  2 = 4                                    
                                           |  3 = 11                                   
                                           |  4 = 11                                   
                                           |                                           
(no matching instance)                     |Instance: sky130_fd_pr__nfet_01v8:1        
                                           |  1 = 6                                    
                                           |  2 = 4                                    
                                           |  3 = 1                                    
                                           |  4 = 11                                   
                                           |                                           
(no matching instance)                     |Instance: sky130_fd_pr__nfet_01v8:3        
                                           |  1 = 6                                    
                                           |  2 = 6                                    
                                           |  3 = 6                                    
                                           |  4 = 11                                   
                                           |                                           
(no matching instance)                     |Instance: sky130_fd_pr__nfet_01v8:5        
                                           |  1 = 6                                    
                                           |  2 = 6                                    
                                           |  3 = 6                                    
                                           |  4 = 11                                   
                                           |                                           
(no matching instance)                     |Instance: sky130_fd_pr__nfet_01v8:8        
                                           |  1 = 6                                    
                                           |  2 = 6                                    
                                           |  3 = 6                                    
                                           |  4 = 11                                   
                                           |                                           
(no matching instance)                     |Instance: sky130_fd_pr__nfet_01v8:12       
                                           |  1 = 6                                    
                                           |  2 = 6                                    
                                           |  3 = 6                                    
                                           |  4 = 11                                   
                                           |                                           
(no matching instance)                     |Instance: c:0                              
                                           |  top = 6                                  
                                           |  bottom = 6                               
                                           |                                           
(no matching instance)                     |Instance: **FLOATING:1                     
                                           |  top = 6                                  
                                           |  bottom = 11                              
                                           |                                           
(no matching instance)                     |Instance: **FLOATING:2                     
                                           |  top = 6                                  
                                           |  bottom = 11                              
                                           |                                           
(no matching instance)                     |Instance: **FLOATING:3                     
                                           |  top = 6                                  
                                           |  bottom = 11                              
                                           |                                           
(no matching instance)                     |Instance: **FLOATING:4                     
                                           |  top = 4                                  
                                           |  bottom = 11                              
---------------------------------------------------------------------------------------
Netlists do not match.
Cells have no pins;  pin matching not needed.
Device classes kirukku,sch.spice and vibushita.spice are equivalent.

Final result: Netlists do not match.
